This is pdfTeX, Version 3.1415926-2.4-1.40.13 (MiKTeX 2.9) (preloaded format=pdflatex 2013.2.25)  17 MAR 2015 12:11
entering extended mode
**oven_assignment_devs.tex
(D:\KazmiJawad\Dropbox\assignment\doc\oven_assignment_devs.tex
LaTeX2e <2011/06/27>
Babel <v3.8m> and hyphenation patterns for english, afrikaans, ancientgreek, arabic, armenian, assamese, basque, bengali
, bokmal, bulgarian, catalan, coptic, croatian, czech, danish, dutch, esperanto, estonian, farsi, finnish, french, galic
ian, german, german-x-2012-05-30, greek, gujarati, hindi, hungarian, icelandic, indonesian, interlingua, irish, italian,
 kannada, kurmanji, latin, latvian, lithuanian, malayalam, marathi, mongolian, mongolianlmc, monogreek, ngerman, ngerman
-x-2012-05-30, nynorsk, oriya, panjabi, pinyin, polish, portuguese, romanian, russian, sanskrit, serbian, slovak, sloven
ian, spanish, swedish, swissgerman, tamil, telugu, turkish, turkmen, ukenglish, ukrainian, uppersorbian, usenglishmax, w
elsh, loaded.
("C:\Program Files (x86)\MiKTeX 2.9\tex\latex\base\article.cls"
Document Class: article 2007/10/19 v1.4h Standard LaTeX document class
("C:\Program Files (x86)\MiKTeX 2.9\tex\latex\base\size10.clo"
File: size10.clo 2007/10/19 v1.4h Standard LaTeX file (size option)
)
\c@part=\count79
\c@section=\count80
\c@subsection=\count81
\c@subsubsection=\count82
\c@paragraph=\count83
\c@subparagraph=\count84
\c@figure=\count85
\c@table=\count86
\abovecaptionskip=\skip41
\belowcaptionskip=\skip42
\bibindent=\dimen102
)
("C:\Program Files (x86)\MiKTeX 2.9\tex\latex\ams\math\amsmath.sty"
Package: amsmath 2000/07/18 v2.13 AMS math features
\@mathmargin=\skip43

For additional information on amsmath, use the `?' option.
("C:\Program Files (x86)\MiKTeX 2.9\tex\latex\ams\math\amstext.sty"
Package: amstext 2000/06/29 v2.01

("C:\Program Files (x86)\MiKTeX 2.9\tex\latex\ams\math\amsgen.sty"
File: amsgen.sty 1999/11/30 v2.0
\@emptytoks=\toks14
\ex@=\dimen103
))
("C:\Program Files (x86)\MiKTeX 2.9\tex\latex\ams\math\amsbsy.sty"
Package: amsbsy 1999/11/29 v1.2d
\pmbraise@=\dimen104
)
("C:\Program Files (x86)\MiKTeX 2.9\tex\latex\ams\math\amsopn.sty"
Package: amsopn 1999/12/14 v2.01 operator names
)
\inf@bad=\count87
LaTeX Info: Redefining \frac on input line 211.
\uproot@=\count88
\leftroot@=\count89
LaTeX Info: Redefining \overline on input line 307.
\classnum@=\count90
\DOTSCASE@=\count91
LaTeX Info: Redefining \ldots on input line 379.
LaTeX Info: Redefining \dots on input line 382.
LaTeX Info: Redefining \cdots on input line 467.
\Mathstrutbox@=\box26
\strutbox@=\box27
\big@size=\dimen105
LaTeX Font Info:    Redeclaring font encoding OML on input line 567.
LaTeX Font Info:    Redeclaring font encoding OMS on input line 568.
\macc@depth=\count92
\c@MaxMatrixCols=\count93
\dotsspace@=\muskip10
\c@parentequation=\count94
\dspbrk@lvl=\count95
\tag@help=\toks15
\row@=\count96
\column@=\count97
\maxfields@=\count98
\andhelp@=\toks16
\eqnshift@=\dimen106
\alignsep@=\dimen107
\tagshift@=\dimen108
\tagwidth@=\dimen109
\totwidth@=\dimen110
\lineht@=\dimen111
\@envbody=\toks17
\multlinegap=\skip44
\multlinetaggap=\skip45
\mathdisplay@stack=\toks18
LaTeX Info: Redefining \[ on input line 2666.
LaTeX Info: Redefining \] on input line 2667.
)
("C:\Program Files (x86)\MiKTeX 2.9\tex\latex\amsfonts\amsfonts.sty"
Package: amsfonts 2009/06/22 v3.00 Basic AMSFonts support
\symAMSa=\mathgroup4
\symAMSb=\mathgroup5
LaTeX Font Info:    Overwriting math alphabet `\mathfrak' in version `bold'
(Font)                  U/euf/m/n --> U/euf/b/n on input line 96.
)
("C:\Program Files (x86)\MiKTeX 2.9\tex\latex\amsfonts\amssymb.sty"
Package: amssymb 2009/06/22 v3.00
)
("C:\Program Files (x86)\MiKTeX 2.9\tex\latex\graphics\graphicx.sty"
Package: graphicx 1999/02/16 v1.0f Enhanced LaTeX Graphics (DPC,SPQR)

("C:\Program Files (x86)\MiKTeX 2.9\tex\latex\graphics\keyval.sty"
Package: keyval 1999/03/16 v1.13 key=value parser (DPC)
\KV@toks@=\toks19
)
("C:\Program Files (x86)\MiKTeX 2.9\tex\latex\graphics\graphics.sty"
Package: graphics 2009/02/05 v1.0o Standard LaTeX Graphics (DPC,SPQR)

("C:\Program Files (x86)\MiKTeX 2.9\tex\latex\graphics\trig.sty"
Package: trig 1999/03/16 v1.09 sin cos tan (DPC)
)
("C:\Program Files (x86)\MiKTeX 2.9\tex\latex\00miktex\graphics.cfg"
File: graphics.cfg 2007/01/18 v1.5 graphics configuration of teTeX/TeXLive
)
Package graphics Info: Driver file: pdftex.def on input line 91.

("C:\Program Files (x86)\MiKTeX 2.9\tex\latex\pdftex-def\pdftex.def"
File: pdftex.def 2011/05/27 v0.06d Graphics/color for pdfTeX

("C:\Program Files (x86)\MiKTeX 2.9\tex\generic\oberdiek\infwarerr.sty"
Package: infwarerr 2010/04/08 v1.3 Providing info/warning/error messages (HO)
)
("C:\Program Files (x86)\MiKTeX 2.9\tex\generic\oberdiek\ltxcmds.sty"
Package: ltxcmds 2011/11/09 v1.22 LaTeX kernel commands for general use (HO)
)
\Gread@gobject=\count99
))
\Gin@req@height=\dimen112
\Gin@req@width=\dimen113
)
(C:\Users\KazmiJ\AppData\Roaming\MiKTeX\2.9\tex\latex\listings\listings.sty
\lst@mode=\count100
\lst@gtempboxa=\box28
\lst@token=\toks20
\lst@length=\count101
\lst@currlwidth=\dimen114
\lst@column=\count102
\lst@pos=\count103
\lst@lostspace=\dimen115
\lst@width=\dimen116
\lst@newlines=\count104
\lst@lineno=\count105
\lst@maxwidth=\dimen117

(C:\Users\KazmiJ\AppData\Roaming\MiKTeX\2.9\tex\latex\listings\lstmisc.sty
File: lstmisc.sty 2007/02/22 1.4 (Carsten Heinz)
\c@lstnumber=\count106
\lst@skipnumbers=\count107
\lst@framebox=\box29
)
(C:\Users\KazmiJ\AppData\Roaming\MiKTeX\2.9\tex\latex\listings\listings.cfg
File: listings.cfg 2007/02/22 1.4 listings configuration
))
Package: listings 2007/02/22 1.4 (Carsten Heinz)

("C:\Program Files (x86)\MiKTeX 2.9\tex\latex\graphics\color.sty"
Package: color 2005/11/14 v1.0j Standard LaTeX Color (DPC)

("C:\Program Files (x86)\MiKTeX 2.9\tex\latex\00miktex\color.cfg"
File: color.cfg 2007/01/18 v1.5 color configuration of teTeX/TeXLive
)
Package color Info: Driver file: pdftex.def on input line 130.
)
\c@theorem=\count108

(C:\Users\KazmiJ\AppData\Roaming\MiKTeX\2.9\tex\latex\listings\lstlang1.sty
File: lstlang1.sty 2004/09/05 1.3 listings language file
)
(C:\Users\KazmiJ\AppData\Roaming\MiKTeX\2.9\tex\latex\listings\lstlang1.sty
File: lstlang1.sty 2004/09/05 1.3 listings language file
)
(C:\Users\KazmiJ\AppData\Roaming\MiKTeX\2.9\tex\latex\listings\lstmisc.sty
File: lstmisc.sty 2007/02/22 1.4 (Carsten Heinz)
)
(D:\KazmiJawad\Dropbox\assignment\doc\oven_assignment_devs.aux

LaTeX Warning: Label `o_ta' multiply defined.

)
LaTeX Font Info:    Checking defaults for OML/cmm/m/it on input line 94.
LaTeX Font Info:    ... okay on input line 94.
LaTeX Font Info:    Checking defaults for T1/cmr/m/n on input line 94.
LaTeX Font Info:    ... okay on input line 94.
LaTeX Font Info:    Checking defaults for OT1/cmr/m/n on input line 94.
LaTeX Font Info:    ... okay on input line 94.
LaTeX Font Info:    Checking defaults for OMS/cmsy/m/n on input line 94.
LaTeX Font Info:    ... okay on input line 94.
LaTeX Font Info:    Checking defaults for OMX/cmex/m/n on input line 94.
LaTeX Font Info:    ... okay on input line 94.
LaTeX Font Info:    Checking defaults for U/cmr/m/n on input line 94.
LaTeX Font Info:    ... okay on input line 94.
 (C:\Users\KazmiJ\AppData\Roaming\MiKTeX\2.9\tex\context\base\supp-pdf.mkii
[Loading MPS to PDF converter (version 2006.09.02).]
\scratchcounter=\count109
\scratchdimen=\dimen118
\scratchbox=\box30
\nofMPsegments=\count110
\nofMParguments=\count111
\everyMPshowfont=\toks21
\MPscratchCnt=\count112
\MPscratchDim=\dimen119
\MPnumerator=\count113
\makeMPintoPDFobject=\count114
\everyMPtoPDFconversion=\toks22
)
\c@lstlisting=\count115
 <TU-Signet.png, id=1, 123.0999pt x 123.0999pt>
File: TU-Signet.png Graphic file (type png)
 <use TU-Signet.png>
Package pdftex.def Info: TU-Signet.png used on input line 99.
(pdftex.def)             Requested size: 36.93024pt x 36.93024pt.
Missing character: There is no Ã in font cmr10!
Missing character: There is no ¼ in font cmr10!
 [1

{C:/Users/KazmiJ/AppData/Local/MiKTeX/2.9/pdftex/config/pdftex.map} <D:/KazmiJawad/Dropbox/assignment/doc/TU-Signet.png>
]
(D:\KazmiJawad\Dropbox\assignment\doc\oven_assignment_devs.toc
LaTeX Font Info:    Try loading font information for U+msa on input line 2.

("C:\Program Files (x86)\MiKTeX 2.9\tex\latex\amsfonts\umsa.fd"
File: umsa.fd 2009/06/22 v3.00 AMS symbols A
)
LaTeX Font Info:    Try loading font information for U+msb on input line 2.

("C:\Program Files (x86)\MiKTeX 2.9\tex\latex\amsfonts\umsb.fd"
File: umsb.fd 2009/06/22 v3.00 AMS symbols B
)
Overfull \hbox (0.12325pt too wide) in paragraph at lines 4--4
 [] []\OT1/cmr/bx/n/10 Task-2 : Im-ple-men-ta-tion of Bak-ing Oven Model in Pow-erDEVS []  
 []

)
\tf@toc=\write3
 [2]
Missing character: There is no Î in font cmr10!
Missing character: There is no ´ in font cmr10!
Missing character: There is no Î in font cmr10!
Missing character: There is no ´ in font cmr10!
Missing character: There is no Î in font cmr10!
Missing character: There is no ´ in font cmr10!
Missing character: There is no Î in font cmr10!
Missing character: There is no ´ in font cmr10!
 [1]
Missing character: There is no Î in font cmr10!
Missing character: There is no ´ in font cmr10!
Missing character: There is no Î in font cmr10!
Missing character: There is no ´ in font cmr10!
Missing character: There is no Î in font cmr10!
Missing character: There is no ´ in font cmr10!
Missing character: There is no Î in font cmr10!
Missing character: There is no ´ in font cmr10!

Overfull \hbox (10.33122pt too wide) in paragraph at lines 155--155
[]\OT1/cmr/bx/n/14.4 Task-2 : Im-ple-men-ta-tion of Bak-ing Oven Model
 []

<model.PNG, id=21, 388.45125pt x 170.13562pt>
File: model.PNG Graphic file (type png)
 <use model.PNG>
Package pdftex.def Info: model.PNG used on input line 167.
(pdftex.def)             Requested size: 310.76141pt x 136.10867pt.
 [1]
<pastegen_params.PNG, id=26, 293.59688pt x 475.7775pt>
File: pastegen_params.PNG Graphic file (type png)
 <use pastegen_params.PNG>
Package pdftex.def Info: pastegen_params.PNG used on input line 197.
(pdftex.def)             Requested size: 234.8778pt x 380.6225pt.
 [2 <D:/KazmiJawad/Dropbox/assignment/doc/model.PNG>] [3 <D:/KazmiJawad/Dropbox/assignment/doc/pastegen_params.PNG>]
Overfull \hbox (71.86227pt too wide) in paragraph at lines 253--254
\OT1/cmr/m/n/10 max-i-mum al-lowed val-ues for a vari-able of type dou-ble (\OT1/cmtt/m/n/10 std::numeric[]limits<double
>::max()\OT1/cmr/m/n/10 ). 
 []

[4] <oven_params.PNG, id=42, 236.38312pt x 329.73187pt>
File: oven_params.PNG Graphic file (type png)
 <use oven_params.PNG>
Package pdftex.def Info: oven_params.PNG used on input line 302.
(pdftex.def)             Requested size: 189.10675pt x 263.78584pt.
 [5] [6 <D:/KazmiJawad/Dropbox/assignment/doc/oven_params.PNG>] [7] [8] [9]
Underfull \hbox (badness 10000) in paragraph at lines 468--469

 []


Underfull \hbox (badness 10000) in paragraph at lines 469--470

 []


Underfull \hbox (badness 10000) in paragraph at lines 470--471

 []


Underfull \hbox (badness 10000) in paragraph at lines 471--472

 []


Underfull \hbox (badness 10000) in paragraph at lines 472--474

 []

<Fig1.png, id=59, 770.88pt x 496.85625pt>
File: Fig1.png Graphic file (type png)
 <use Fig1.png>
Package pdftex.def Info: Fig1.png used on input line 477.
(pdftex.def)             Requested size: 172.5pt x 111.1813pt.
 [10 <D:/KazmiJawad/Dropbox/assignment/doc/Fig1.png>]
<Fig2.png, id=65, 772.0845pt x 431.211pt>
File: Fig2.png Graphic file (type png)
 <use Fig2.png>
Package pdftex.def Info: Fig2.png used on input line 499.
(pdftex.def)             Requested size: 172.5pt x 96.34058pt.
 <Fig3.png, id=66, 376.40625pt x 212.59425pt>
File: Fig3.png Graphic file (type png)
 <use Fig3.png>
Package pdftex.def Info: Fig3.png used on input line 509.
(pdftex.def)             Requested size: 172.5pt x 97.43121pt.

[11 <D:/KazmiJawad/Dropbox/assignment/doc/Fig2.png> <D:/KazmiJawad/Dropbox/assignment/doc/Fig3.png>]
<Fig4.png, id=72, 913.91437pt x 534.49687pt>
File: Fig4.png Graphic file (type png)
 <use Fig4.png>
Package pdftex.def Info: Fig4.png used on input line 518.
(pdftex.def)             Requested size: 293.2521pt x 171.50737pt.
Missing character: There is no â in font cmr10!
Missing character: There is no € in font cmr10!
Missing character: There is no “ in font cmr10!
 <Fig5.png, id=73, 193.32225pt x 289.08pt>
File: Fig5.png Graphic file (type png)
 <use Fig5.png>
Package pdftex.def Info: Fig5.png used on input line 527.
(pdftex.def)             Requested size: 172.5pt x 257.95526pt.

<Fig6.png, id=74, 905.784pt x 522.15076pt>
File: Fig6.png Graphic file (type png)
 <use Fig6.png>
Package pdftex.def Info: Fig6.png used on input line 539.
(pdftex.def)             Requested size: 310.4979pt x 178.98694pt.
 [12 <D:/KazmiJawad/Dropbox/assignment/doc/Fig4.png>] [13 <D:/KazmiJawad/Dropbox/assignment/doc/Fig5.png> <D:/KazmiJawad
/Dropbox/assignment/doc/Fig6.png>]
<Fig7.png, id=83, 483.60675pt x 331.83975pt>
File: Fig7.png Graphic file (type png)
 <use Fig7.png>
Package pdftex.def Info: Fig7.png used on input line 552.
(pdftex.def)             Requested size: 310.4979pt x 213.06029pt.
 [14 <D:/KazmiJawad/Dropbox/assignment/doc/Fig7.png>]
<Fig8.png, id=88, 165.0165pt x 296.90926pt>
File: Fig8.png Graphic file (type png)
 <use Fig8.png>
Package pdftex.def Info: Fig8.png used on input line 567.
(pdftex.def)             Requested size: 172.5pt x 310.37306pt.
 <Fig9.png, id=89, 522.753pt x 68.6565pt>
File: Fig9.png Graphic file (type png)
 <use Fig9.png>
Package pdftex.def Info: Fig9.png used on input line 575.
(pdftex.def)             Requested size: 241.49895pt x 31.7175pt.


LaTeX Warning: `!h' float specifier changed to `!ht'.

<Fig10.png, id=90, 545.6385pt x 313.17pt>
File: Fig10.png Graphic file (type png)
 <use Fig10.png>
Package pdftex.def Info: Fig10.png used on input line 591.
(pdftex.def)             Requested size: 241.49895pt x 138.60757pt.
Missing character: There is no â in font cmr10!
Missing character: There is no € in font cmr10!
Missing character: There is no “ in font cmr10!
Missing character: There is no â in font cmr10!
Missing character: There is no € in font cmr10!
Missing character: There is no “ in font cmr10!
 [15]
Overfull \hbox (1.49698pt too wide) in paragraph at lines 662--662
[]\OT1/cmtt/m/n/10 [OVEN]->[TA] No paste to bake, waiting for the paste INF (state=0)[] 
 []


Overfull \hbox (17.24684pt too wide) in paragraph at lines 662--662
[]\OT1/cmtt/m/n/10 [PASTEGEN] Generated paste number 1 with mass=3, p1Time=35, p2Time=25[] 
 []

[16 <D:/KazmiJawad/Dropbox/assignment/doc/Fig8.png> <D:/KazmiJawad/Dropbox/assignment/doc/Fig9.png>]
Overfull \hbox (17.24684pt too wide) in paragraph at lines 662--662
[]\OT1/cmtt/m/n/10 [PASTEGEN] Generated paste number 0 with mass=2, p1Time=29, p2Time=23[] 
 []


Overfull \hbox (6.74693pt too wide) in paragraph at lines 662--662
[]\OT1/cmtt/m/n/10 [OVEN]->[OUTPUT] clock=79, Mass=3, p1Time=35, p2Time=25, Cost=42.5,[] 
 []


Overfull \hbox (11.99689pt too wide) in paragraph at lines 662--662
[]\OT1/cmtt/m/n/10 [OVEN]->[OUTPUT] clock=131, Mass=2, p1Time=29, p2Time=23, Cost=37.5,[] 
 []


Overfull \hbox (1.49698pt too wide) in paragraph at lines 662--662
[]\OT1/cmtt/m/n/10 [OVEN]->[TA] No paste to bake, waiting for the paste INF (state=0)[] 
 []

(D:\KazmiJawad\Dropbox\assignment\doc\oven_assignment_devs.bbl [17 <D:/KazmiJawad/Dropbox/assignment/doc/Fig10.png>])
[18] [19] (D:\KazmiJawad\Dropbox\assignment\doc\oven_assignment_devs.aux)

LaTeX Warning: There were multiply-defined labels.

 )
(\end occurred inside a group at level 1)

### simple group (level 1) entered at line 160 ({)
### bottom level 
Here is how much of TeX's memory you used:
 3726 strings out of 493921
 49418 string characters out of 3144873
 252571 words of memory out of 3000000
 6977 multiletter control sequences out of 15000+200000
 10938 words of font info for 43 fonts, out of 3000000 for 9000
 841 hyphenation exceptions out of 8191
 33i,8n,58p,1672b,1577s stack positions out of 5000i,500n,10000p,200000b,50000s
<C:/Program Files (x86)/MiKTeX 2.9/fonts/type1/public/amsfonts/cm/cmbx10.pfb><C:/Program Files (x86)/MiK
TeX 2.9/fonts/type1/public/amsfonts/cm/cmbx12.pfb><C:/Program Files (x86)/MiKTeX 2.9/fonts/type1/public/amsfonts/cm/cmmi
10.pfb><C:/Program Files (x86)/MiKTeX 2.9/fonts/type1/public/amsfonts/cm/cmr10.pfb><C:/Program Files (x86)/MiKTeX 2.9/fo
nts/type1/public/amsfonts/cm/cmr12.pfb><C:/Program Files (x86)/MiKTeX 2.9/fonts/type1/public/amsfonts/cm/cmr17.pfb><C:/P
rogram Files (x86)/MiKTeX 2.9/fonts/type1/public/amsfonts/cm/cmr6.pfb><C:/Program Files (x86)/MiKTeX 2.9/fonts/type1/pub
lic/amsfonts/cm/cmr7.pfb><C:/Program Files (x86)/MiKTeX 2.9/fonts/type1/public/amsfonts/cm/cmr8.pfb><C:/Program Files (x
86)/MiKTeX 2.9/fonts/type1/public/amsfonts/cm/cmti10.pfb><C:/Program Files (x86)/MiKTeX 2.9/fonts/type1/public/amsfonts/
cm/cmtt10.pfb><C:/Program Files (x86)/MiKTeX 2.9/fonts/type1/public/amsfonts/cm/cmtt8.pfb>
Output written on oven_assignment_devs.pdf (22 pages, 751871 bytes).
PDF statistics:
 149 PDF objects out of 1000 (max. 8388607)
 0 named destinations out of 1000 (max. 500000)
 71 words of extra memory for PDF output out of 10000 (max. 10000000)

